<?xml version="1.0" encoding="UTF-8"?>
<testsuite name="com.db.awmd.challenge.AccountsServiceTest" tests="6" skipped="0" failures="0" errors="0" timestamp="2018-01-29T04:18:55" hostname="localhost.localdomain" time="0.04">
  <properties/>
  <testcase name="testTransferNoFromAccount" classname="com.db.awmd.challenge.AccountsServiceTest" time="0.004"/>
  <testcase name="testTransferNoToAccount" classname="com.db.awmd.challenge.AccountsServiceTest" time="0.005"/>
  <testcase name="testTransferNoAmountToTransfer" classname="com.db.awmd.challenge.AccountsServiceTest" time="0.005"/>
  <testcase name="testTransferBetweenAccounts_Success" classname="com.db.awmd.challenge.AccountsServiceTest" time="0.006"/>
  <testcase name="addAccount" classname="com.db.awmd.challenge.AccountsServiceTest" time="0.005"/>
  <testcase name="addAccount_failsOnDuplicateId" classname="com.db.awmd.challenge.AccountsServiceTest" time="0.003"/>
  <system-out><![CDATA[2018-01-29 09:48:54.124  INFO 3915 --- [    Test worker] .b.t.c.SpringBootTestContextBootstrapper : Neither @ContextConfiguration nor @ContextHierarchy found for test class [com.db.awmd.challenge.AccountsServiceTest], using SpringBootContextLoader
2018-01-29 09:48:54.125  INFO 3915 --- [    Test worker] o.s.t.c.support.AbstractContextLoader    : Could not detect default resource locations for test class [com.db.awmd.challenge.AccountsServiceTest]: no resource found for suffixes {-context.xml, Context.groovy}.
2018-01-29 09:48:54.126  INFO 3915 --- [    Test worker] t.c.s.AnnotationConfigContextLoaderUtils : Could not detect default configuration classes for test class [com.db.awmd.challenge.AccountsServiceTest]: AccountsServiceTest does not declare any static, non-private, non-final, nested classes annotated with @Configuration.
2018-01-29 09:48:54.133  INFO 3915 --- [    Test worker] .b.t.c.SpringBootTestContextBootstrapper : Found @SpringBootConfiguration com.db.awmd.challenge.DevChallengeApplication for test class com.db.awmd.challenge.AccountsServiceTest
2018-01-29 09:48:54.138  INFO 3915 --- [    Test worker] .b.t.c.SpringBootTestContextBootstrapper : Loaded default TestExecutionListener class names from location [META-INF/spring.factories]: [org.springframework.boot.test.autoconfigure.restdocs.RestDocsTestExecutionListener, org.springframework.boot.test.autoconfigure.web.client.MockRestServiceServerResetTestExecutionListener, org.springframework.boot.test.autoconfigure.web.servlet.MockMvcPrintOnlyOnFailureTestExecutionListener, org.springframework.boot.test.autoconfigure.web.servlet.WebDriverTestExecutionListener, org.springframework.boot.test.mock.mockito.MockitoTestExecutionListener, org.springframework.boot.test.mock.mockito.ResetMocksTestExecutionListener, org.springframework.test.context.web.ServletTestExecutionListener, org.springframework.test.context.support.DirtiesContextBeforeModesTestExecutionListener, org.springframework.test.context.support.DependencyInjectionTestExecutionListener, org.springframework.test.context.support.DirtiesContextTestExecutionListener, org.springframework.test.context.transaction.TransactionalTestExecutionListener, org.springframework.test.context.jdbc.SqlScriptsTestExecutionListener]
2018-01-29 09:48:54.143  INFO 3915 --- [    Test worker] .b.t.c.SpringBootTestContextBootstrapper : Could not instantiate TestExecutionListener [org.springframework.test.context.transaction.TransactionalTestExecutionListener]. Specify custom listener classes or make the default listener classes (and their required dependencies) available. Offending class: [org/springframework/transaction/TransactionDefinition]
2018-01-29 09:48:54.144  INFO 3915 --- [    Test worker] .b.t.c.SpringBootTestContextBootstrapper : Could not instantiate TestExecutionListener [org.springframework.test.context.jdbc.SqlScriptsTestExecutionListener]. Specify custom listener classes or make the default listener classes (and their required dependencies) available. Offending class: [org/springframework/transaction/interceptor/TransactionAttribute]
2018-01-29 09:48:54.145  INFO 3915 --- [    Test worker] .b.t.c.SpringBootTestContextBootstrapper : Using TestExecutionListeners: [org.springframework.test.context.web.ServletTestExecutionListener@9b5e321, org.springframework.test.context.support.DirtiesContextBeforeModesTestExecutionListener@63601d9, org.springframework.boot.test.autoconfigure.SpringBootDependencyInjectionTestExecutionListener@2a7a3910, org.springframework.test.context.support.DirtiesContextTestExecutionListener@69075dbf, org.springframework.boot.test.autoconfigure.web.servlet.MockMvcPrintOnlyOnFailureTestExecutionListener@4f8d0755, org.springframework.boot.test.mock.mockito.MockitoTestExecutionListener@7983efb4, org.springframework.boot.test.mock.mockito.ResetMocksTestExecutionListener@24afb2d, org.springframework.boot.test.autoconfigure.restdocs.RestDocsTestExecutionListener@5173a47e, org.springframework.boot.test.autoconfigure.web.client.MockRestServiceServerResetTestExecutionListener@7663b6aa, org.springframework.boot.test.autoconfigure.web.servlet.WebDriverTestExecutionListener@107b199d]

  .   ____          _            __ _ _
 /\\ / ___'_ __ _ _(_)_ __  __ _ \ \ \ \
( ( )\___ | '_ | '_| | '_ \/ _` | \ \ \ \
 \\/  ___)| |_)| | | | | || (_| |  ) ) ) )
  '  |____| .__|_| |_|_| |_\__, | / / / /
 =========|_|==============|___/=/_/_/_/
 :: Spring Boot ::        (v1.5.4.RELEASE)

2018-01-29 09:48:54.221  INFO 3915 --- [    Test worker] c.db.awmd.challenge.AccountsServiceTest  : Starting AccountsServiceTest on localhost.localdomain with PID 3915 (started by chaitanya in /home/chaitanya/Documents/Java Challenge/Java Challenge)
2018-01-29 09:48:54.222  INFO 3915 --- [    Test worker] c.db.awmd.challenge.AccountsServiceTest  : No active profile set, falling back to default profiles: default
2018-01-29 09:48:54.227  INFO 3915 --- [    Test worker] o.s.w.c.s.GenericWebApplicationContext   : Refreshing org.springframework.web.context.support.GenericWebApplicationContext@5e22bccf: startup date [Mon Jan 29 09:48:54 IST 2018]; root of context hierarchy
2018-01-29 09:48:55.209  INFO 3915 --- [    Test worker] s.w.s.m.m.a.RequestMappingHandlerAdapter : Looking for @ControllerAdvice: org.springframework.web.context.support.GenericWebApplicationContext@5e22bccf: startup date [Mon Jan 29 09:48:54 IST 2018]; root of context hierarchy
2018-01-29 09:48:55.235  INFO 3915 --- [    Test worker] s.w.s.m.m.a.RequestMappingHandlerMapping : Mapped "{[/v1/accounts],methods=[POST],consumes=[application/json]}" onto public org.springframework.http.ResponseEntity<java.lang.Object> com.db.awmd.challenge.web.AccountsController.createAccount(com.db.awmd.challenge.domain.Account)
2018-01-29 09:48:55.236  INFO 3915 --- [    Test worker] s.w.s.m.m.a.RequestMappingHandlerMapping : Mapped "{[/v1/accounts/{accountId}],methods=[GET]}" onto public com.db.awmd.challenge.domain.Account com.db.awmd.challenge.web.AccountsController.getAccount(java.lang.String)
2018-01-29 09:48:55.237  INFO 3915 --- [    Test worker] s.w.s.m.m.a.RequestMappingHandlerMapping : Mapped "{[/v1/accounts/transferBetweenAccounts],methods=[POST],consumes=[application/json]}" onto public org.springframework.http.ResponseEntity<java.lang.Object> com.db.awmd.challenge.web.AccountsController.transferBetweenAccounts(com.db.awmd.challenge.domain.TransferRequest)
2018-01-29 09:48:55.242  INFO 3915 --- [    Test worker] s.w.s.m.m.a.RequestMappingHandlerMapping : Mapped "{[/error],produces=[text/html]}" onto public org.springframework.web.servlet.ModelAndView org.springframework.boot.autoconfigure.web.BasicErrorController.errorHtml(javax.servlet.http.HttpServletRequest,javax.servlet.http.HttpServletResponse)
2018-01-29 09:48:55.243  INFO 3915 --- [    Test worker] s.w.s.m.m.a.RequestMappingHandlerMapping : Mapped "{[/error]}" onto public org.springframework.http.ResponseEntity<java.util.Map<java.lang.String, java.lang.Object>> org.springframework.boot.autoconfigure.web.BasicErrorController.error(javax.servlet.http.HttpServletRequest)
2018-01-29 09:48:55.288  INFO 3915 --- [    Test worker] o.s.w.s.handler.SimpleUrlHandlerMapping  : Mapped URL path [/webjars/**] onto handler of type [class org.springframework.web.servlet.resource.ResourceHttpRequestHandler]
2018-01-29 09:48:55.288  INFO 3915 --- [    Test worker] o.s.w.s.handler.SimpleUrlHandlerMapping  : Mapped URL path [/**] onto handler of type [class org.springframework.web.servlet.resource.ResourceHttpRequestHandler]
2018-01-29 09:48:55.329  INFO 3915 --- [    Test worker] o.s.w.s.handler.SimpleUrlHandlerMapping  : Mapped URL path [/**/favicon.ico] onto handler of type [class org.springframework.web.servlet.resource.ResourceHttpRequestHandler]
2018-01-29 09:48:55.531  INFO 3915 --- [    Test worker] c.db.awmd.challenge.AccountsServiceTest  : Started AccountsServiceTest in 1.376 seconds (JVM running for 8.624)
2018-01-29 09:48:55.537  INFO 3915 --- [    Test worker] c.d.a.challenge.service.AccountsService  : Validating Account details.
2018-01-29 09:48:55.544  INFO 3915 --- [    Test worker] c.d.a.challenge.service.AccountsService  : Validating Account details.
2018-01-29 09:48:55.550  INFO 3915 --- [    Test worker] c.d.a.challenge.service.AccountsService  : Validating Account details.
2018-01-29 09:48:55.556  INFO 3915 --- [    Test worker] c.d.a.challenge.service.AccountsService  : Validating Account details.
2018-01-29 09:48:55.556  INFO 3915 --- [    Test worker] c.d.a.challenge.service.AccountsService  : Finished validations
2018-01-29 09:48:55.556  INFO 3915 --- [    Test worker] c.d.a.c.r.AccountsRepositoryInMemory     : Initiating Transfer process for Accounts ACC_1, ACC_2
2018-01-29 09:48:55.557  INFO 3915 --- [    Test worker] c.d.a.c.r.AccountsRepositoryInMemory     : Deducting amount to transfer:250 from Account ACC_1:
2018-01-29 09:48:55.557  INFO 3915 --- [    Test worker] c.d.a.c.r.AccountsRepositoryInMemory     : Successfully deducted amount to transfer:250 from Account ACC_1:
2018-01-29 09:48:55.557  INFO 3915 --- [    Test worker] c.d.a.c.s.EmailNotificationService       : Sending notification to owner of ACC_1: Successfully deducted amount 250 from Account ACC_1. The new balance is 750.000000
2018-01-29 09:48:55.557  INFO 3915 --- [    Test worker] c.d.a.c.r.AccountsRepositoryInMemory     : Adding amount to transfer:250 to Account ACC_2:
2018-01-29 09:48:55.557  INFO 3915 --- [    Test worker] c.d.a.c.r.AccountsRepositoryInMemory     : Successfully Added amount to transfer:250 to Account ACC_2:
2018-01-29 09:48:55.558  INFO 3915 --- [    Test worker] c.d.a.c.s.EmailNotificationService       : Sending notification to owner of ACC_2: Successfully Received amount 250 from Account ACC_1. The new balance is 750.000000
2018-01-29 09:48:55.558  INFO 3915 --- [    Test worker] c.d.a.c.r.AccountsRepositoryInMemory     : Completed Transfer process for Accounts ACC_1, ACC_2
]]></system-out>
  <system-err><![CDATA[]]></system-err>
</testsuite>
